0 info it worked if it ends with ok
1 verbose cli [ '/usr/local/bin/node', '/usr/local/bin/npm', 'publish' ]
2 info using npm@3.9.5
3 info using node@v6.2.2
4 verbose publish [ '.' ]
5 silly cache add args [ '.', null ]
6 verbose cache add spec .
7 silly cache add parsed spec Result {
7 silly cache add   raw: '.',
7 silly cache add   scope: null,
7 silly cache add   name: null,
7 silly cache add   rawSpec: '.',
7 silly cache add   spec: '/Users/andre/mysqldump',
7 silly cache add   type: 'directory' }
8 verbose addLocalDirectory /Users/andre/.npm/mysqldump/1.4.0/package.tgz not in flight; packing
9 verbose correctMkdir /Users/andre/.npm correctMkdir not in flight; initializing
10 info lifecycle mysqldump@1.4.0~prepublish: mysqldump@1.4.0
11 silly lifecycle mysqldump@1.4.0~prepublish: no script for prepublish, continuing
12 verbose tar pack [ '/Users/andre/.npm/mysqldump/1.4.0/package.tgz',
12 verbose tar pack   '/Users/andre/mysqldump' ]
13 verbose tarball /Users/andre/.npm/mysqldump/1.4.0/package.tgz
14 verbose folder /Users/andre/mysqldump
15 verbose addLocalTarball adding from inside cache /Users/andre/.npm/mysqldump/1.4.0/package.tgz
16 verbose correctMkdir /Users/andre/.npm correctMkdir not in flight; initializing
17 silly cache afterAdd mysqldump@1.4.0
18 verbose afterAdd /Users/andre/.npm/mysqldump/1.4.0/package/package.json not in flight; writing
19 verbose correctMkdir /Users/andre/.npm correctMkdir not in flight; initializing
20 verbose afterAdd /Users/andre/.npm/mysqldump/1.4.0/package/package.json written
21 silly publish { name: 'mysqldump',
21 silly publish   version: '1.4.0',
21 silly publish   description: 'Create a DUMP from MySQL',
21 silly publish   main: 'index.js',
21 silly publish   scripts: { test: 'mocha test.js' },
21 silly publish   repository:
21 silly publish    { type: 'git',
21 silly publish      url: 'git+https://github.com/webcaetano/mysqldump.git' },
21 silly publish   keywords:
21 silly publish    [ 'backup',
21 silly publish      'mysql',
21 silly publish      'mysql-dump',
21 silly publish      'dump',
21 silly publish      'restore',
21 silly publish      'database',
21 silly publish      'backup',
21 silly publish      'database' ],
21 silly publish   author: { name: 'Andre Caetano' },
21 silly publish   license: 'MIT',
21 silly publish   bugs: { url: 'https://github.com/webcaetano/mysqldump/issues' },
21 silly publish   homepage: 'https://github.com/webcaetano/mysqldump',
21 silly publish   dependencies: { async: '^1.4.2', lodash: '^3.10.1', 'mq-node': '^1.0.7' },
21 silly publish   devDependencies: { chai: '^3.2.0', mocha: '^2.3.2' },
21 silly publish   readme: '# Mysql Dump\n\n[![npm version](https://badge.fury.io/js/mysqldump.svg)](http://badge.fury.io/js/mysqldump) [![Build Status](https://travis-ci.org/webcaetano/mysqldump.svg?branch=master)](https://travis-ci.org/webcaetano/mysqldump)\n\nCreate a backup from MySQL\n\n## Installation\n\n```\nnpm install mysqldump\n```\n\nExample \n```javascript\nvar mysqlDump = require(\'mysqldump\');\n\nmysqlDump({\n\thost: \'localhost\',\n\tuser: \'root\',\n\tpassword: \'\',\n\tdatabase: \'test\',\n\tdest:\'./data.sql\' // destination file\n},function(err){\n\t// create data.sql file;\n})\n```\n\nFull Options Example :\n\n```javascript\nvar mysqlDump = require(\'mysqldump\');\n\nmysqlDump({\n\thost: \'localhost\',\n\tuser: \'root\',\n\tpassword: \'\',\n\tdatabase: \'test\',\n\ttables:[\'players\'], // only these tables\n\twhere: {\'players\': \'id < 1000\'}, // Only test players with id < 1000\n\tifNotExist:true, // Create table if not exist\n\tdest:\'./data.sql\' // destination file\n},function(err){\n\t// create data.sql file;\n})\n```\n\n\n## Options\n\n\n#### host\n\nType: `String`\n\nUrl to Mysql host. `Default: localhost`\n\n#### port\n\nType: `String`\n\nPort to Mysql host. `Default: 3306`\n\n#### user\n\nType: `String`\n\nThe MySQL user to authenticate as.\n\n#### password\n\nType: `String`\n\nThe password of that MySQL user\n\n#### database\n\nType: `String`\n\nName of the database to dump.\n\n#### tables \n\nType: `Array`\n\nArray of tables that you want to backup.\n\nLeave Blank for All. `Default: [] ALL`\n\n#### schema \n\nType: `Boolean`\n\nOutput table structure `Default: true`;\n\n#### data \n\nType: `Boolean`\n\nOutput table data for ALL tables `Default: true`;\n\n#### where\nType: `Object`\n\nWhere clauses to limit dumped data `Example: where: {\'users\': \'id < 1000\'}`\n\nCombine with `data: false` to only dump tables with where clauses  `Default: null`;\n\n#### ifNotExist \n\nType: `Boolean`\n\nCreate tables if not exist method `Default: true`;\n\n#### dropTable \n\nType: `Boolean`\n\nDrop tables if exist `Default: false`;\n\n#### getDump \n\nType: `Boolean`\n\nReturn dump as a raw data on callback instead of create file `Default: false`;\n\n#### dest \n\nType: `String`\n\nOutput filename with directories `Default: \'./data.sql\'`;\n\n#### socketPath\n\nType: `String`\n\nPath to a unix domain socket to connect to. When used `host` and `port` are ignored.\n\n[![npm](https://nodei.co/npm/mysqldump.png?downloads=true&downloadRank=true&stars=true)](https://www.npmjs.com/package/mysqldump)\n\n---------------------------------\n\nThe MIT [License](https://raw.githubusercontent.com/webcaetano/mysqldump/master/LICENSE.md)\n',
21 silly publish   readmeFilename: 'README.md',
21 silly publish   gitHead: '67be96bd22132f6655092b9bab81fc2a71abaa8e',
21 silly publish   _id: 'mysqldump@1.4.0',
21 silly publish   _shasum: '343b1bcaa58f982aa54aed63fa481c85d9d52f5e',
21 silly publish   _from: '.' }
22 verbose getPublishConfig undefined
23 silly mapToRegistry name mysqldump
24 silly mapToRegistry using default registry
25 silly mapToRegistry registry https://registry.npmjs.org/
26 silly mapToRegistry data Result {
26 silly mapToRegistry   raw: 'mysqldump',
26 silly mapToRegistry   scope: null,
26 silly mapToRegistry   name: 'mysqldump',
26 silly mapToRegistry   rawSpec: '',
26 silly mapToRegistry   spec: 'latest',
26 silly mapToRegistry   type: 'tag' }
27 silly mapToRegistry uri https://registry.npmjs.org/mysqldump
28 verbose publish registryBase https://registry.npmjs.org/
29 silly publish uploading /Users/andre/.npm/mysqldump/1.4.0/package.tgz
30 verbose request uri https://registry.npmjs.org/mysqldump
31 verbose request sending authorization for write operation
32 info attempt registry request try #1 at 5:30:19 PM
33 verbose request using bearer token for auth
34 verbose request id 6bcda6d6ec0f4ed9
35 http request PUT https://registry.npmjs.org/mysqldump
36 http 403 https://registry.npmjs.org/mysqldump
37 verbose headers { 'content-type': 'application/json',
37 verbose headers   'cache-control': 'max-age=300',
37 verbose headers   'content-length': '95',
37 verbose headers   'accept-ranges': 'bytes',
37 verbose headers   date: 'Tue, 11 Apr 2017 20:30:22 GMT',
37 verbose headers   via: '1.1 varnish',
37 verbose headers   connection: 'keep-alive',
37 verbose headers   'x-served-by': 'cache-gru7125-GRU',
37 verbose headers   'x-cache': 'MISS',
37 verbose headers   'x-cache-hits': '0',
37 verbose headers   'x-timer': 'S1491942622.317909,VS0,VE253',
37 verbose headers   vary: 'Accept-Encoding' }
38 verbose request invalidating /Users/andre/.npm/registry.npmjs.org/mysqldump on PUT
39 error publish Failed PUT 403
40 verbose stack Error: "You cannot publish over the previously published version 1.4.0." : mysqldump
40 verbose stack     at makeError (/usr/local/lib/node_modules/npm/node_modules/npm-registry-client/lib/request.js:264:12)
40 verbose stack     at CachingRegistryClient.<anonymous> (/usr/local/lib/node_modules/npm/node_modules/npm-registry-client/lib/request.js:252:14)
40 verbose stack     at Request._callback (/usr/local/lib/node_modules/npm/node_modules/npm-registry-client/lib/request.js:172:14)
40 verbose stack     at Request.self.callback (/usr/local/lib/node_modules/npm/node_modules/request/request.js:200:22)
40 verbose stack     at emitTwo (events.js:106:13)
40 verbose stack     at Request.emit (events.js:191:7)
40 verbose stack     at Request.<anonymous> (/usr/local/lib/node_modules/npm/node_modules/request/request.js:1067:10)
40 verbose stack     at emitOne (events.js:101:20)
40 verbose stack     at Request.emit (events.js:188:7)
40 verbose stack     at IncomingMessage.<anonymous> (/usr/local/lib/node_modules/npm/node_modules/request/request.js:988:12)
41 verbose statusCode 403
42 verbose pkgid mysqldump
43 verbose cwd /Users/andre/mysqldump
44 error Darwin 15.6.0
45 error argv "/usr/local/bin/node" "/usr/local/bin/npm" "publish"
46 error node v6.2.2
47 error npm  v3.9.5
48 error code E403
49 error "You cannot publish over the previously published version 1.4.0." : mysqldump
50 error If you need help, you may report this error at:
50 error     <https://github.com/npm/npm/issues>
51 verbose exit [ 1, true ]
